<?xml version="1.0" encoding="UTF-8"?>
<testng-results ignored="0" total="1" passed="0" failed="1" skipped="0">
  <reporter-output>
  </reporter-output>
  <suite started-at="2022-06-21T09:24:19Z" name="Default suite" finished-at="2022-06-21T09:24:34Z" duration-ms="15197">
    <groups>
    </groups>
    <test started-at="2022-06-21T09:24:19Z" name="Default test" finished-at="2022-06-21T09:24:34Z" duration-ms="15197">
      <class name="com.com.assignments.CreateContactsAndVerify">
        <test-method is-config="true" signature="dbConfig()[pri:0, instance:com.com.assignments.CreateContactsAndVerify@7e057f43]" started-at="2022-06-21T09:24:19Z" name="dbConfig" finished-at="2022-06-21T09:24:19Z" duration-ms="14" status="PASS">
          <reporter-output>
          </reporter-output>
        </test-method> <!-- dbConfig -->
        <test-method is-config="true" signature="launchTheBrowser()[pri:0, instance:com.com.assignments.CreateContactsAndVerify@7e057f43]" started-at="2022-06-21T09:24:19Z" name="launchTheBrowser" finished-at="2022-06-21T09:24:25Z" duration-ms="6471" status="PASS">
          <reporter-output>
          </reporter-output>
        </test-method> <!-- launchTheBrowser -->
        <test-method is-config="true" signature="loginToAppln()[pri:0, instance:com.com.assignments.CreateContactsAndVerify@7e057f43]" started-at="2022-06-21T09:24:25Z" name="loginToAppln" finished-at="2022-06-21T09:24:29Z" duration-ms="3595" status="PASS">
          <reporter-output>
          </reporter-output>
        </test-method> <!-- loginToAppln -->
        <test-method signature="CreateContactTest()[pri:0, instance:com.com.assignments.CreateContactsAndVerify@7e057f43]" started-at="2022-06-21T09:24:29Z" name="CreateContactTest" finished-at="2022-06-21T09:24:30Z" duration-ms="1588" status="FAIL">
          <exception class="java.lang.NullPointerException">
            <message>
              <![CDATA[Cannot invoke "org.apache.poi.ss.usermodel.Row.getCell(int)" because "row" is null]]>
            </message>
            <full-stacktrace>
              <![CDATA[java.lang.NullPointerException: Cannot invoke "org.apache.poi.ss.usermodel.Row.getCell(int)" because "row" is null
at genericUtalities.ExcelUtility.readDataFromExcel(ExcelUtility.java:31)
at com.com.assignments.CreateContactsAndVerify.CreateContactTest(CreateContactsAndVerify.java:61)
at java.base/jdk.internal.reflect.NativeMethodAccessorImpl.invoke0(Native Method)
at java.base/jdk.internal.reflect.NativeMethodAccessorImpl.invoke(NativeMethodAccessorImpl.java:77)
at java.base/jdk.internal.reflect.DelegatingMethodAccessorImpl.invoke(DelegatingMethodAccessorImpl.java:43)
at java.base/java.lang.reflect.Method.invoke(Method.java:568)
at org.testng.internal.MethodInvocationHelper.invokeMethod(MethodInvocationHelper.java:124)
at org.testng.internal.Invoker.invokeMethod(Invoker.java:583)
at org.testng.internal.Invoker.invokeTestMethod(Invoker.java:719)
at org.testng.internal.Invoker.invokeTestMethods(Invoker.java:989)
at org.testng.internal.TestMethodWorker.invokeTestMethods(TestMethodWorker.java:125)
at org.testng.internal.TestMethodWorker.run(TestMethodWorker.java:109)
at org.testng.TestRunner.privateRun(TestRunner.java:648)
at org.testng.TestRunner.run(TestRunner.java:505)
at org.testng.SuiteRunner.runTest(SuiteRunner.java:455)
at org.testng.SuiteRunner.runSequentially(SuiteRunner.java:450)
at org.testng.SuiteRunner.privateRun(SuiteRunner.java:415)
at org.testng.SuiteRunner.run(SuiteRunner.java:364)
at org.testng.SuiteRunnerWorker.runSuite(SuiteRunnerWorker.java:52)
at org.testng.SuiteRunnerWorker.run(SuiteRunnerWorker.java:84)
at org.testng.TestNG.runSuitesSequentially(TestNG.java:1208)
at org.testng.TestNG.runSuitesLocally(TestNG.java:1137)
at org.testng.TestNG.runSuites(TestNG.java:1049)
at org.testng.TestNG.run(TestNG.java:1017)
at org.testng.remote.AbstractRemoteTestNG.run(AbstractRemoteTestNG.java:115)
at org.testng.remote.RemoteTestNG.initAndRun(RemoteTestNG.java:251)
at org.testng.remote.RemoteTestNG.main(RemoteTestNG.java:77)
]]>
            </full-stacktrace>
          </exception> <!-- java.lang.NullPointerException -->
          <reporter-output>
          </reporter-output>
        </test-method> <!-- CreateContactTest -->
        <test-method is-config="true" signature="logoutFromAppln()[pri:0, instance:com.com.assignments.CreateContactsAndVerify@7e057f43]" started-at="2022-06-21T09:24:30Z" name="logoutFromAppln" finished-at="2022-06-21T09:24:33Z" duration-ms="2818" status="PASS">
          <reporter-output>
          </reporter-output>
        </test-method> <!-- logoutFromAppln -->
        <test-method is-config="true" signature="closeTheBrowser()[pri:0, instance:com.com.assignments.CreateContactsAndVerify@7e057f43]" started-at="2022-06-21T09:24:33Z" name="closeTheBrowser" finished-at="2022-06-21T09:24:34Z" duration-ms="675" status="PASS">
          <reporter-output>
          </reporter-output>
        </test-method> <!-- closeTheBrowser -->
        <test-method is-config="true" signature="closeDBconfig()[pri:0, instance:com.com.assignments.CreateContactsAndVerify@7e057f43]" started-at="2022-06-21T09:24:34Z" name="closeDBconfig" finished-at="2022-06-21T09:24:34Z" duration-ms="1" status="PASS">
          <reporter-output>
          </reporter-output>
        </test-method> <!-- closeDBconfig -->
      </class> <!-- com.com.assignments.CreateContactsAndVerify -->
    </test> <!-- Default test -->
  </suite> <!-- Default suite -->
</testng-results>
